Arguments: 
  C:\Program Files\nodejs\node.exe C:\Program Files (x86)\Yarn\bin\yarn.js d

PATH: 
  C:\Users\yeshen\bin;C:\Program Files\Git\mingw64\bin;C:\Program Files\Git\usr\local\bin;C:\Program Files\Git\usr\bin;C:\Program Files\Git\usr\bin;C:\Program Files\Git\mingw64\bin;C:\Program Files\Git\usr\bin;C:\Users\yeshen\bin;C:\Program Files (x86)\Common Files\Oracle\Java\javapath;C:\Windows\system32;C:\Windows;C:\Windows\System32\Wbem;C:\Windows\System32\WindowsPowerShell\v1.0;C:\Windows\System32\OpenSSH;C:\Program Files\Git\cmd;C:\Users\yeshen\Downloads\nexus-3.18.1-01-win64\nexus-3.18.1-01\bin;C:\Program Files\erl10.5\bin;C:\Program Files\Java\jdk1.8.0_171\bin;D:\scala\bin;C:\Program Files\nodejs;C:\Program Files (x86)\Yarn\bin;C:\Ruby26-x64\bin;C:\Ruby25-x64\bin;C:\Users\yeshen\AppData\Local\Programs\Python\Python37\Scripts;C:\Users\yeshen\AppData\Local\Programs\Python\Python37;C:\Program Files\MySQL\MySQL Shell 8.0\bin;D:\maven\bin;C:\Program Files\nodejs\node_global;%HADOOP_HOME%\bin;C:\Users\yeshen\AppData\Roaming\npm;C:\Users\yeshen\AppData\Local\Yarn\bin;C:\Program Files\Git\usr\bin\vendor_perl;C:\Program Files\Git\usr\bin\core_perl

Yarn version: 
  1.21.1

Node version: 
  12.9.1

Platform: 
  win32 x64

Trace: 
  SyntaxError: C:\Users\yeshen\Desktop\docsify_blog\package.json: Unexpected token } in JSON at position 146
      at JSON.parse (<anonymous>)
      at C:\Program Files (x86)\Yarn\lib\cli.js:1625:59
      at Generator.next (<anonymous>)
      at step (C:\Program Files (x86)\Yarn\lib\cli.js:310:30)
      at C:\Program Files (x86)\Yarn\lib\cli.js:321:13

npm manifest: 
  {
    "name": "yeshen",
    "version": "2.0.0",
    "description": "My NoteBook",
    "main": "index.js",
    "scripts": {
      "d": "bash deploy.sh",    
    }
  }

yarn manifest: 
  No manifest

Lockfile: 
  No lockfile
